
> recipe-apollo-server@1.0.0 test /home/jcuffney/Cuffney/recipe-apollo-server
> mocha ./src/**/*.test.js



  lib
    readFile
      ✓ returns JSON when file exists


  1 passing (3ms)

TN:
SF:/home/jcuffney/Cuffney/recipe-apollo-server/src/index.js
FN:25,(anonymous_0)
FNF:1
FNH:0
FNDA:0,(anonymous_0)
DA:1,0
DA:3,0
DA:4,0
DA:5,0
DA:7,0
DA:8,0
DA:9,0
DA:11,0
DA:13,0
DA:15,0
DA:21,0
DA:23,0
DA:24,0
DA:25,0
DA:26,0
DA:30,0
LF:16
LH:0
BRDA:23,0,0,0
BRDA:23,0,1,0
BRF:2
BRH:0
end_of_record
TN:
SF:/home/jcuffney/Cuffney/recipe-apollo-server/src/dataSources/index.js
FN:4,(anonymous_0)
FN:10,(anonymous_1)
FNF:2
FNH:0
FNDA:0,(anonymous_0)
FNDA:0,(anonymous_1)
DA:1,0
DA:5,0
DA:6,0
DA:10,0
LF:4
LH:0
BRF:0
BRH:0
end_of_record
TN:
SF:/home/jcuffney/Cuffney/recipe-apollo-server/src/lib/dynamo.js
FNF:0
FNH:0
LF:0
LH:0
BRF:0
BRH:0
end_of_record
TN:
SF:/home/jcuffney/Cuffney/recipe-apollo-server/src/lib/file.js
FN:3,(anonymous_0)
FN:8,(anonymous_1)
FNF:2
FNH:1
FNDA:1,(anonymous_0)
FNDA:0,(anonymous_1)
DA:1,1
DA:3,1
DA:4,1
DA:5,1
DA:8,1
DA:9,0
DA:10,0
DA:11,0
DA:13,0
DA:17,1
LF:10
LH:6
BRF:0
BRH:0
end_of_record
TN:
SF:/home/jcuffney/Cuffney/recipe-apollo-server/src/resolvers/index.js
FNF:0
FNH:0
DA:6,0
DA:8,0
LF:2
LH:0
BRF:0
BRH:0
end_of_record
TN:
SF:/home/jcuffney/Cuffney/recipe-apollo-server/src/resolvers/recipe.js
FN:7,(anonymous_0)
FN:13,(anonymous_1)
FN:15,(anonymous_2)
FN:24,(anonymous_3)
FNF:4
FNH:0
FNDA:0,(anonymous_0)
FNDA:0,(anonymous_1)
FNDA:0,(anonymous_2)
FNDA:0,(anonymous_3)
DA:1,0
DA:2,0
DA:3,0
DA:5,0
DA:7,0
DA:8,0
DA:9,0
DA:10,0
DA:13,0
DA:15,0
DA:16,0
DA:17,0
DA:20,0
DA:21,0
DA:24,0
DA:25,0
DA:26,0
DA:27,0
DA:28,0
DA:29,0
DA:32,0
LF:21
LH:0
BRF:0
BRH:0
end_of_record
TN:
SF:/home/jcuffney/Cuffney/recipe-apollo-server/src/schema/index.js
FNF:0
FNH:0
DA:1,0
DA:3,0
DA:32,0
LF:3
LH:0
BRF:0
BRH:0
end_of_record
